1704992915512	geckodriver	INFO	Listening on 127.0.0.1:51497
1704992918569	mozrunner::runner	INFO	Running command: "C:\\Program Files (x86)\\Mozilla Firefox\\firefox.exe" "--marionette" "-headless" "--remote-debugging-port" ... 8" "--remote-allow-hosts" "localhost" "-no-remote" "-profile" "C:\\Users\\omara\\AppData\\Local\\Temp\\rust_mozprofilexnfci8"
*** You are running in headless mode.
console.warn: services.settings: Ignoring preference override of remote settings server
console.warn: services.settings: Allow by setting MOZ_REMOTE_SETTINGS_DEVTOOLS=1 in the environment
1704992919134	Marionette	INFO	Marionette enabled
Dynamically enable window occlusion 0
1704992919265	Marionette	INFO	Listening on port 51509
WebDriver BiDi listening on ws://127.0.0.1:51498
Read port: 51509
1704992919533	RemoteAgent	WARN	TLS certificate errors will be ignored for this session
[GFX1-]: RenderCompositorSWGL failed mapping default framebuffer, no dt
console.error: ({})
DevTools listening on ws://127.0.0.1:51498/devtools/browser/39a750c4-5d74-486d-8959-9555cf0e9020
console.warn: LoginRecipes: "Falling back to a synchronous message for: https://www.reddit.com."
console.warn: LoginRecipes: "Falling back to a synchronous message for: https://www.reddit.com."
console.warn: LoginRecipes: "Falling back to a synchronous message for: https://www.reddit.com."
console.warn: LoginRecipes: "Falling back to a synchronous message for: https://www.reddit.com."
console.warn: LoginRecipes: "Falling back to a synchronous message for: https://www.reddit.com."
1704992949146	addons.xpi	ERROR	System addon update list error SyntaxError: XMLHttpRequest.open: 'http://%(server)s/dummy-system-addons.xml' is not a valid URL.
1704993080000	Marionette	INFO	Stopped listening on port 51509
Dynamically enable window occlusion 1
JavaScript error: https://www.reddit.com/r/ufc/?rdt=37240, line 56: TypeError: can't access dead object
JavaScript error: https://www.redditstatic.com/shreddit/en-US/shell-7d165546.js, line 4: TypeError: can't access dead object
 services.settings: Allow by setting MOZ_REMOTE_SETTINGS_DEVTOOLS=1 in the environment
1704992937405	Marionette	INFO	Marionette enabled
Dynamically enable window occlusion 0
1704992937501	Marionette	INFO	Listening on port 51602
WebDriver BiDi listening on ws://127.0.0.1:51590
Read port: 51602
1704992937765	RemoteAgent	WARN	TLS certificate errors will be ignored for this session
[GFX1-]: RenderCompositorSWGL failed mapping default framebuffer, no dt
console.error: ({})
DevTools listening on ws://127.0.0.1:51590/devtools/browser/42b7b960-ceab-41e0-99ad-adb7cfe74685
console.warn: LoginRecipes: "Falling back to a synchronous message for: https://www.reddit.com."
1704992941807	Marionette	INFO	Stopped listening on port 51602
JavaScript warning: https://accounts.google.com/gsi/iframe/select?client_id=705819728788-b2c1kcs7tst3b7ghv7at0hkqmtc68ckl.apps.googleusercontent.com&auto_select=true&ux_mode=popup&ui_mode=card&as=JM0xY2owYHDKr3lV3fU%2Fxw&is_itp=true&channel_id=4d09397d5e3572707239490c52fa4ec6080723965301daf5f2b0ee7af23826a8&origin=https%3A%2F%2Fwww.reddit.com, line 130: Script terminated by timeout at:
_.mf@/_/gsi/_/js/k=gsi.gsi.en_US.C_bdy-Ugg9g.O/am=ABQ6/d=1/rs=AF0KOtXBqMV15tThd7Cft_obWV06QhS3jA/m=credential_server_library:130:1843
_.Ih@/_/gsi/_/js/k=gsi.gsi.en_US.C_bdy-Ugg9g.O/am=ABQ6/d=1/rs=AF0KOtXBqMV15tThd7Cft_obWV06QhS3jA/m=credential_server_library:180:397
Fi@/_/gsi/_/js/k=gsi.gsi.en_US.C_bdy-Ugg9g.O/am=ABQ6/d=1/rs=AF0KOtXBqMV15tThd7Cft_obWV06QhS3jA/m=credential_server_library:199:24
Ei@/_/gsi/_/js/k=gsi.gsi.en_US.C_bdy-Ugg9g.O/am=ABQ6/d=1/rs=AF0KOtXBqMV15tThd7Cft_obWV06QhS3jA/m=credential_server_library:198:119
Hi@/_/gsi/_/js/k=gsi.gsi.en_US.C_bdy-Ugg9g.O/am=ABQ6/d=1/rs=AF0KOtXBqMV15tThd7Cft_obWV06QhS3jA/m=credential_server_library:189:1402
Wi@/_/gsi/_/js/k=gsi.gsi.en_US.C_bdy-Ugg9g.O/am=ABQ6/d=1/rs=AF0KOtXBqMV15tThd7Cft_obWV06QhS3jA/m=credential_server_library:202:26
dj@/_/gsi/_/js/k=gsi.gsi.en_US.C_bdy-Ugg9g.O/am=ABQ6/d=1/rs=AF0KOtXBqMV15tThd7Cft_obWV06QhS3jA/m=credential_server_library:207:38
cj.prototype.log@/_/gsi/_/js/k=gsi.gsi.en_US.C_bdy-Ugg9g.O/am=ABQ6/d=1/rs=AF0KOtXBqMV15tThd7Cft_obWV06QhS3jA/m=credential_server_library:205:155
_.Tk@/_/gsi/_/js/k=gsi.gsi.en_US.C_bdy-Ugg9g.O/am=ABQ6/d=1/rs=AF0KOtXBqMV15tThd7Cft_obWV06QhS3jA/m=credential_server_library:250:493
Xn/<@/_/gsi/_/js/k=gsi.gsi.en_US.C_bdy-Ugg9g.O/am=ABQ6/d=1/rs=AF0KOtXBqMV15tThd7Cft_obWV06QhS3jA/m=credential_server_library:367:339

JavaScript warning: https://www.gstatic.com/recaptcha/releases/Ya-Cd6PbRI5ktAHEhm9JuKEu/recaptcha__en.js, line 666: Script terminated by timeout at:
q<@https://www.gstatic.com/recaptcha/releases/Ya-Cd6PbRI5ktAHEhm9JuKEu/recaptcha__en.js:666:420
M.BE@https://www.gstatic.com/recaptcha/releases/Ya-Cd6PbRI5ktAHEhm9JuKEu/recaptcha__en.js:1185:324

Dynamically enable window occlusion 1
JavaScript error: https://www.redditstatic.com/shreddit/sentry-94f7e90f.js, line 1: TypeError: can't access dead object
JavaScript error: https://www.redditstatic.com/shreddit/sentry-94f7e90f.js, line 1: TypeError: can't access dead object
1704992946155	geckodriver	INFO	Listening on 127.0.0.1:51666
1704992949164	mozrunner::runner	INFO	Running command: "C:\\Program Files (x86)\\Mozilla Firefox\\firefox.exe" "--marionette" "-headless" "--remote-debugging-port" ... 7" "--remote-allow-hosts" "localhost" "-no-remote" "-profile" "C:\\Users\\omara\\AppData\\Local\\Temp\\rust_mozprofiledAAIxy"
*** You are running in headless mode.
console.warn: services.settings: Ignoring preference override of remote settings server
console.warn: services.settings: Allow by setting MOZ_REMOTE_SETTINGS_DEVTOOLS=1 in the environment
1704992949604	Marionette	INFO	Marionette enabled
Dynamically enable window occlusion 0
1704992949701	Marionette	INFO	Listening on port 51681
WebDriver BiDi listening on ws://127.0.0.1:51667
Read port: 51681
1704992949940	RemoteAgent	WARN	TLS certificate errors will be ignored for this session
[GFX1-]: RenderCompositorSWGL failed mapping default framebuffer, no dt
console.error: ({})
DevTools listening on ws://127.0.0.1:51667/devtools/browser/8cdcdc75-fe87-476d-8a5c-70dbe8a7d4ee
console.warn: LoginRecipes: "Falling back to a synchronous message for: https://www.reddit.com."
1704992957705	Marionette	INFO	Stopped listening on port 51681
JavaScript warning: https://www.gstatic.com/recaptcha/releases/Ya-Cd6PbRI5ktAHEhm9JuKEu/recaptcha__en.js, line 666: Script terminated by timeout at:
q<@https://www.gstatic.com/recaptcha/releases/Ya-Cd6PbRI5ktAHEhm9JuKEu/recaptcha__en.js:666:420
M.BE@https://www.gstatic.com/recaptcha/releases/Ya-Cd6PbRI5ktAHEhm9JuKEu/recaptcha__en.js:1185:324

JavaScript warning: https://accounts.google.com/gsi/iframe/select?client_id=705819728788-b2c1kcs7tst3b7ghv7at0hkqmtc68ckl.apps.googleusercontent.com&auto_select=true&ux_mode=popup&ui_mode=card&as=aUSvfPVTWnbCaqxi0uCNKg&is_itp=true&channel_id=82336192509f5307400dd589d6b3f8b9b48bad87fe9cbee3f438de5de4dba52e&origin=https%3A%2F%2Fwww.reddit.com, line 184: Script terminated by timeout at:
_.ci/</<@/_/gsi/_/js/k=gsi.gsi.en_US.C_bdy-Ugg9g.O/am=ABQ6/d=1/rs=AF0KOtXBqMV15tThd7Cft_obWV06QhS3jA/m=credential_server_library:184:1161

Dynamically enable window occlusion 1
JavaScript error: https://www.reddit.com/r/ufc/comments/19447ek/ufc_needs_better_payout_its_sad_that_i_bumped/?rdt=34547, line 52: TypeError: can't access dead object
JavaScript error: https://www.redditstatic.com/shreddit/en-US/shell-7d165546.js, line 4: TypeError: can't access dead object
1704992962032	geckodriver	INFO	Listening on 127.0.0.1:51743
1704992965086	mozrunner::runner	INFO	Running command: "C:\\Program Files (x86)\\Mozilla Firefox\\firefox.exe" "--marionette" "-headless" "--remote-debugging-port" ... 4" "--remote-allow-hosts" "localhost" "-no-remote" "-profile" "C:\\Users\\omara\\AppData\\Local\\Temp\\rust_mozprofileHmyJ68"
*** You are running in headless mode.
console.warn: services.settings: Ignoring preference override of remote settings server
console.warn: services.settings: Allow by setting MOZ_REMOTE_SETTINGS_DEVTOOLS=1 in the environment
1704992965561	Marionette	INFO	Marionette enabled
Dynamically enable window occlusion 0
1704992965665	Marionette	INFO	Listening on port 51751
WebDriver BiDi listening on ws://127.0.0.1:51744
Read port: 51751
1704992965903	RemoteAgent	WARN	TLS certificate errors will be ignored for this session
[GFX1-]: RenderCompositorSWGL failed mapping default framebuffer, no dt
console.error: ({})
DevTools listening on ws://127.0.0.1:51744/devtools/browser/123bd608-d4f9-4992-b6fc-f42bfa9f9113
console.warn: LoginRecipes: "Falling back to a synchronous message for: https://www.reddit.com."
1704992973916	Marionette	INFO	Stopped listening on port 51751
JavaScript warning: https://www.gstatic.com/recaptcha/releases/Ya-Cd6PbRI5ktAHEhm9JuKEu/recaptcha__en.js, line 479: Script terminated by timeout at:
S</H[DX]<@https://www.gstatic.com/recaptcha/releases/Ya-Cd6PbRI5ktAHEhm9JuKEu/recaptcha__en.js:479:16
q<@https://www.gstatic.com/recaptcha/releases/Ya-Cd6PbRI5ktAHEhm9JuKEu/recaptcha__en.js:667:478
M.BE@https://www.gstatic.com/recaptcha/releases/Ya-Cd6PbRI5ktAHEhm9JuKEu/recaptcha__en.js:1185:324

JavaScript warning: https://accounts.google.com/gsi/iframe/select?client_id=705819728788-b2c1kcs7tst3b7ghv7at0hkqmtc68ckl.apps.googleusercontent.com&auto_select=true&ux_mode=popup&ui_mode=card&as=SOnt4crnTAiU35lzgesyvA&is_itp=true&channel_id=b9d147fafd273da24c1d5f0f277d631f7e6ed23426f21cdef382eb6a00adc653&origin=https%3A%2F%2Fwww.reddit.com, line 4: Script terminated by timeout at:
_._F_toggles_initialize@/_/gsi/_/js/k=gsi.gsi.en_US.C_bdy-Ugg9g.O/am=ABQq/d=1/rs=AF0KOtUwp8BnuO_taQctwTtqzxE6qCHdzQ/m=credential_server_library:4:134
@/_/gsi/_/js/k=gsi.gsi.en_US.C_bdy-Ugg9g.O/am=ABQq/d=1/rs=AF0KOtUwp8BnuO_taQctwTtqzxE6qCHdzQ/m=credential_server_library:4:163
@/_/gsi/_/js/k=gsi.gsi.en_US.C_bdy-Ugg9g.O/am=ABQq/d=1/rs=AF0KOtUwp8BnuO_taQctwTtqzxE6qCHdzQ/m=credential_server_library:377:4

JavaScript error: https://accounts.google.com/gsi/iframe/select?client_id=705819728788-b2c1kcs7tst3b7ghv7at0hkqmtc68ckl.apps.googleusercontent.com&auto_select=true&ux_mode=popup&ui_mode=card&as=SOnt4crnTAiU35lzgesyvA&is_itp=true&channel_id=b9d147fafd273da24c1d5f0f277d631f7e6ed23426f21cdef382eb6a00adc653&origin=https%3A%2F%2Fwww.reddit.com, line 380: ReferenceError: gis is not defined
Dynamically enable window occlusion 1
JavaScript error: https://www.redditstatic.com/shreddit/sentry-94f7e90f.js, line 1: TypeError: can't access dead object
JavaScript error: https://www.redditstatic.com/shreddit/sentry-94f7e90f.js, line 1: TypeError: can't access dead object
1704992978282	geckodriver	INFO	Listening on 127.0.0.1:51830
1704992981345	mozrunner::runner	INFO	Running command: "C:\\Program Files (x86)\\Mozilla Firefox\\firefox.exe" "--marionette" "-headless" "--remote-debugging-port" ... 1" "--remote-allow-hosts" "localhost" "-no-remote" "-profile" "C:\\Users\\omara\\AppData\\Local\\Temp\\rust_mozprofileeoJiIb"
*** You are running in headless mode.
console.warn: services.settings: Ignoring preference override of remote settings server
console.warn: services.settings: Allow by setting MOZ_REMOTE_SETTINGS_DEVTOOLS=1 in the environment
1704992981727	Marionette	INFO	Marionette enabled
Dynamically enable window occlusion 0
1704992981805	Marionette	INFO	Listening on port 51838
WebDriver BiDi listening on ws://127.0.0.1:51831
Read port: 51838
1704992982034	RemoteAgent	WARN	TLS certificate errors will be ignored for this session
[GFX1-]: RenderCompositorSWGL failed mapping default framebuffer, no dt
console.error: ({})
DevTools listening on ws://127.0.0.1:51831/devtools/browser/b56007d3-55b9-4c3e-a93d-8b5fff67cb04
console.warn: LoginRecipes: "Falling back to a synchronous message for: https://www.reddit.com."
1704992989500	Marionette	INFO	Stopped listening on port 51838
JavaScript warning: https://www.redditstatic.com/shreddit/sentry-94f7e90f.js, line 1: Script terminated by timeout at:
r@https://www.redditstatic.com/shreddit/sentry-94f7e90f.js:1:55963

JavaScript warning: https://accounts.google.com/gsi/iframe/select?client_id=705819728788-b2c1kcs7tst3b7ghv7at0hkqmtc68ckl.apps.googleusercontent.com&auto_select=true&ux_mode=popup&ui_mode=card&as=Yz7m6diRDJrlaXp1kHyfkA&is_itp=true&channel_id=d85c8ea7b0e36f82282b76a4a35d2543159f5ca075d0f22f2f179ce51e2b0dd1&origin=https%3A%2F%2Fwww.reddit.com, line 183: Script terminated by timeout at:
_.ci/<@/_/gsi/_/js/k=gsi.gsi.en_US.C_bdy-Ugg9g.O/am=ABQq/d=1/rs=AF0KOtUwp8BnuO_taQctwTtqzxE6qCHdzQ/m=credential_server_library:183:1163
_.ci@/_/gsi/_/js/k=gsi.gsi.en_US.C_bdy-Ugg9g.O/am=ABQq/d=1/rs=AF0KOtUwp8BnuO_taQctwTtqzxE6qCHdzQ/m=credential_server_library:183:1060
_.di/<@/_/gsi/_/js/k=gsi.gsi.en_US.C_bdy-Ugg9g.O/am=ABQq/d=1/rs=AF0KOtUwp8BnuO_taQctwTtqzxE6qCHdzQ/m=credential_server_library:184:56

Dynamically enable window occlusion 1
JavaScript error: https://www.redditstatic.com/shreddit/sentry-94f7e90f.js, line 1: TypeError: can't access dead object
JavaScript error: https://www.redditstatic.com/shreddit/sentry-94f7e90f.js, line 1: TypeError: can't access dead object
1704992994413	geckodriver	INFO	Listening on 127.0.0.1:51905
1704992997450	mozrunner::runner	INFO	Running command: "C:\\Program Files (x86)\\Mozilla Firefox\\firefox.exe" "--marionette" "-headless" "--remote-debugging-port" ... 6" "--remote-allow-hosts" "localhost" "-no-remote" "-profile" "C:\\Users\\omara\\AppData\\Local\\Temp\\rust_mozprofile6fO3j9"
*** You are running in headless mode.
console.warn: services.settings: Ignoring preference override of remote settings server
console.warn: services.settings: Allow by setting MOZ_REMOTE_SETTINGS_DEVTOOLS=1 in the environment
1704992997861	Marionette	INFO	Marionette enabled
Dynamically enable window occlusion 0
1704992997933	Marionette	INFO	Listening on port 51913
WebDriver BiDi listening on ws://127.0.0.1:51906
Read port: 51913
1704992998125	RemoteAgent	WARN	TLS certificate errors will be ignored for this session
[GFX1-]: RenderCompositorSWGL failed mapping default framebuffer, no dt
console.error: ({})
DevTools listening on ws://127.0.0.1:51906/devtools/browser/c163b27e-bc56-45b6-9da3-ef90fbd60f50
console.warn: LoginRecipes: "Falling back to a synchronous message for: https://www.reddit.com."
1704993005863	Marionette	INFO	Stopped listening on port 51913
JavaScript warning: https://accounts.google.com/gsi/iframe/select?client_id=705819728788-b2c1kcs7tst3b7ghv7at0hkqmtc68ckl.apps.googleusercontent.com&auto_select=true&ux_mode=popup&ui_mode=card&as=M21f5ZDsPhGf%2Bv04Xy%2BLsw&is_itp=true&channel_id=b99dbdcc4d56101244e339e3dd2608ac9c1ae8356866614d8d32c17f71cc87b1&origin=https%3A%2F%2Fwww.reddit.com, line 183: Script terminated by timeout at:
_.ci/</</<@/_/gsi/_/js/k=gsi.gsi.en_US.C_bdy-Ugg9g.O/am=ABQq/d=1/rs=AF0KOtUwp8BnuO_taQctwTtqzxE6qCHdzQ/m=credential_server_library:183:1159

JavaScript warning: https://www.gstatic.com/recaptcha/releases/Ya-Cd6PbRI5ktAHEhm9JuKEu/recaptcha__en.js, line 666: Script terminated by timeout at:
q<@https://www.gstatic.com/recaptcha/releases/Ya-Cd6PbRI5ktAHEhm9JuKEu/recaptcha__en.js:666:420
M.BE@https://www.gstatic.com/recaptcha/releases/Ya-Cd6PbRI5ktAHEhm9JuKEu/recaptcha__en.js:1185:324

Dynamically enable window occlusion 1
JavaScript error: https://www.redditstatic.com/shreddit/sentry-94f7e90f.js, line 1: TypeError: can't access dead object
JavaScript error: https://www.redditstatic.com/shreddit/sentry-94f7e90f.js, line 1: TypeError: can't access dead object
1704993010380	geckodriver	INFO	Listening on 127.0.0.1:51978
1704993013421	mozrunner::runner	INFO	Running command: "C:\\Program Files (x86)\\Mozilla Firefox\\firefox.exe" "--marionette" "-headless" "--remote-debugging-port" ... 9" "--remote-allow-hosts" "localhost" "-no-remote" "-profile" "C:\\Users\\omara\\AppData\\Local\\Temp\\rust_mozprofileid7WPm"
*** You are running in headless mode.
console.warn: services.settings: Ignoring preference override of remote settings server
console.warn: services.settings: Allow by setting MOZ_REMOTE_SETTINGS_DEVTOOLS=1 in the environment
1704993013833	Marionette	INFO	Marionette enabled
Dynamically enable window occlusion 0
1704993013904	Marionette	INFO	Listening on port 51986
WebDriver BiDi listening on ws://127.0.0.1:51979
Read port: 51986
1704993014110	RemoteAgent	WARN	TLS certificate errors will be ignored for this session
[GFX1-]: RenderCompositorSWGL failed mapping default framebuffer, no dt
console.error: ({})
DevTools listening on ws://127.0.0.1:51979/devtools/browser/9ecc2bff-46fa-453e-bd94-39e474ee4fe0
console.warn: LoginRecipes: "Falling back to a synchronous message for: https://www.reddit.com."
1704993021480	Marionette	INFO	Stopped listening on port 51986
JavaScript error: https://www.redditstatic.com/shreddit/sentry-94f7e90f.js, line 1: TypeError: can't access dead object
JavaScript error: https://www.redditstatic.com/shreddit/sentry-94f7e90f.js, line 1: TypeError: can't access dead object
JavaScript error: https://www.redditstatic.com/shreddit/sentry-94f7e90f.js, line 1: TypeError: can't access dead object
JavaScript error: https://www.redditstatic.com/shreddit/sentry-94f7e90f.js, line 1: TypeError: can't access dead object
JavaScript error: https://www.redditstatic.com/shreddit/sentry-94f7e90f.js, line 1: TypeError: can't access dead object
JavaScript error: https://www.redditstatic.com/shreddit/sentry-94f7e90f.js, line 1: TypeError: can't access dead object
JavaScript error: https://www.redditstatic.com/shreddit/sentry-94f7e90f.js, line 1: TypeError: can't access dead object
JavaScript error: https://www.redditstatic.com/shreddit/sentry-94f7e90f.js, line 1: TypeError: can't access dead object
JavaScript error: https://www.redditstatic.com/shreddit/sentry-94f7e90f.js, line 1: TypeError: can't access dead object
JavaScript error: https://www.redditstatic.com/shreddit/sentry-94f7e90f.js, line 1: TypeError: can't access dead object
JavaScript error: https://www.redditstatic.com/shreddit/sentry-94f7e90f.js, line 1: TypeError: can't access dead object
JavaScript error: https://www.redditstatic.com/shreddit/sentry-94f7e90f.js, line 1: TypeError: can't access dead object
JavaScript error: https://www.redditstatic.com/shreddit/sentry-94f7e90f.js, line 1: TypeError: can't access dead object
JavaScript error: https://www.redditstatic.com/shreddit/sentry-94f7e90f.js, line 1: TypeError: can't access dead object
JavaScript error: https://www.redditstatic.com/shreddit/sentry-94f7e90f.js, line 1: TypeError: can't access dead object
JavaScript error: https://www.redditstatic.com/shreddit/sentry-94f7e90f.js, line 1: TypeError: can't access dead object
JavaScript error: https://www.redditstatic.com/shreddit/sentry-94f7e90f.js, line 1: TypeError: can't access dead object
JavaScript error: https://www.redditstatic.com/shreddit/sentry-94f7e90f.js, line 1: TypeError: can't access dead object
JavaScript error: https://www.redditstatic.com/shreddit/sentry-94f7e90f.js, line 1: TypeError: can't access dead object
JavaScript error: https://www.redditstatic.com/shreddit/sentry-94f7e90f.js, line 1: TypeError: can't access dead object
JavaScript error: https://www.redditstatic.com/shreddit/sentry-94f7e90f.js, line 1: TypeError: can't access dead object
JavaScript error: https://www.redditstatic.com/shreddit/sentry-94f7e90f.js, line 1: TypeError: can't access dead object
JavaScript error: https://www.redditstatic.com/shreddit/sentry-94f7e90f.js, line 1: TypeError: can't access dead object
JavaScript error: https://www.redditstatic.com/shreddit/sentry-94f7e90f.js, line 1: TypeError: can't access dead object
JavaScript error: https://www.redditstatic.com/shreddit/sentry-94f7e90f.js, line 1: TypeError: can't access dead object
JavaScript error: https://www.redditstatic.com/shreddit/sentry-94f7e90f.js, line 1: TypeError: can't access dead object
JavaScript error: https://www.redditstatic.com/shreddit/sentry-94f7e90f.js, line 1: TypeError: can't access dead object
JavaScript error: https://www.redditstatic.com/shreddit/sentry-94f7e90f.js, line 1: TypeError: can't access dead object
JavaScript error: https://www.redditstatic.com/shreddit/sentry-94f7e90f.js, line 1: TypeError: can't access dead object
JavaScript error: https://www.redditstatic.com/shreddit/sentry-94f7e90f.js, line 1: TypeError: can't access dead object
JavaScript error: https://www.redditstatic.com/shreddit/sentry-94f7e90f.js, line 1: TypeError: can't access dead object
JavaScript error: https://www.redditstatic.com/shreddit/sentry-94f7e90f.js, line 1: TypeError: can't access dead object
JavaScript error: https://www.redditstatic.com/shreddit/sentry-94f7e90f.js, line 1: TypeError: can't access dead object
JavaScript error: https://www.redditstatic.com/shreddit/sentry-94f7e90f.js, line 1: TypeError: can't access dead object
JavaScript error: https://www.redditstatic.com/shreddit/sentry-94f7e90f.js, line 1: TypeError: can't access dead object
JavaScript error: https://www.redditstatic.com/shreddit/sentry-94f7e90f.js, line 1: TypeError: can't access dead object
JavaScript error: https://www.redditstatic.com/shreddit/sentry-94f7e90f.js, line 1: TypeError: can't access dead object
JavaScript error: https://www.redditstatic.com/shreddit/sentry-94f7e90f.js, line 1: TypeError: can't access dead object
JavaScript error: https://www.redditstatic.com/shreddit/sentry-94f7e90f.js, line 1: TypeError: can't access dead object
JavaScript error: https://www.redditstatic.com/shreddit/sentry-94f7e90f.js, line 1: TypeError: can't access dead object
JavaScript error: https://www.redditstatic.com/shreddit/sentry-94f7e90f.js, line 1: TypeError: can't access dead object
JavaScript error: https://www.redditstatic.com/shreddit/sentry-94f7e90f.js, line 1: TypeError: can't access dead object
JavaScript error: https://www.redditstatic.com/shreddit/sentry-94f7e90f.js, line 1: TypeError: can't access dead object
JavaScript error: https://www.redditstatic.com/shreddit/sentry-94f7e90f.js, line 1: TypeError: can't access dead object
JavaScript error: https://www.redditstatic.com/shreddit/sentry-94f7e90f.js, line 1: TypeError: can't access dead object
JavaScript error: https://www.redditstatic.com/shreddit/sentry-94f7e90f.js, line 1: TypeError: can't access dead object
JavaScript error: https://www.redditstatic.com/shreddit/sentry-94f7e90f.js, line 1: TypeError: can't access dead object
JavaScript error: https://www.redditstatic.com/shreddit/sentry-94f7e90f.js, line 1: TypeError: can't access dead object
JavaScript error: https://www.redditstatic.com/shreddit/sentry-94f7e90f.js, line 1: TypeError: can't access dead object
JavaScript error: https://www.redditstatic.com/shreddit/sentry-94f7e90f.js, line 1: TypeError: can't access dead object
JavaScript error: https://www.redditstatic.com/shreddit/sentry-94f7e90f.js, line 1: TypeError: can't access dead object
JavaScript error: https://www.redditstatic.com/shreddit/sentry-94f7e90f.js, line 1: TypeError: can't access dead object
JavaScript error: https://www.redditstatic.com/shreddit/sentry-94f7e90f.js, line 1: TypeError: can't access dead object
JavaScript error: https://www.redditstatic.com/shreddit/sentry-94f7e90f.js, line 1: TypeError: can't access dead object
JavaScript error: https://www.redditstatic.com/shreddit/sentry-94f7e90f.js, line 1: TypeError: can't access dead object
JavaScript error: https://www.redditstatic.com/shreddit/sentry-94f7e90f.js, line 1: TypeError: can't access dead object
JavaScript error: https://www.redditstatic.com/shreddit/sentry-94f7e90f.js, line 1: TypeError: can't access dead object
JavaScript error: https://www.redditstatic.com/shreddit/sentry-94f7e90f.js, line 1: TypeError: can't access dead object
JavaScript error: https://www.redditstatic.com/shreddit/sentry-94f7e90f.js, line 1: TypeError: can't access dead object
JavaScript error: https://www.redditstatic.com/shreddit/sentry-94f7e90f.js, line 1: TypeError: can't access dead object
JavaScript error: https://www.redditstatic.com/shreddit/sentry-94f7e90f.js, line 1: TypeError: can't access dead object
JavaScript error: https://www.redditstatic.com/shreddit/sentry-94f7e90f.js, line 1: TypeError: can't access dead object
JavaScript error: https://www.redditstatic.com/shreddit/sentry-94f7e90f.js, line 1: TypeError: can't access dead object
JavaScript error: https://www.redditstatic.com/shreddit/sentry-94f7e90f.js, line 1: TypeError: can't access dead object
JavaScript error: https://www.redditstatic.com/shreddit/sentry-94f7e90f.js, line 1: TypeError: can't access dead object
JavaScript error: https://www.redditstatic.com/shreddit/sentry-94f7e90f.js, line 1: TypeError: can't access dead object
JavaScript error: https://www.redditstatic.com/shreddit/sentry-94f7e90f.js, line 1: TypeError: can't access dead object
JavaScript error: https://www.redditstatic.com/shreddit/sentry-94f7e90f.js, line 1: TypeError: can't access dead object
JavaScript error: https://www.redditstatic.com/shreddit/sentry-94f7e90f.js, line 1: TypeError: can't access dead object
JavaScript error: https://www.redditstatic.com/shreddit/sentry-94f7e90f.js, line 1: TypeError: can't access dead object
JavaScript error: https://www.redditstatic.com/shreddit/sentry-94f7e90f.js, line 1: TypeError: can't access dead object
JavaScript error: https://www.redditstatic.com/shreddit/sentry-94f7e90f.js, line 1: TypeError: can't access dead object
JavaScript error: https://www.redditstatic.com/shreddit/sentry-94f7e90f.js, line 1: TypeError: can't access dead object
JavaScript error: https://www.redditstatic.com/shreddit/sentry-94f7e90f.js, line 1: TypeError: can't access dead object
JavaScript error: https://www.redditstatic.com/shreddit/sentry-94f7e90f.js, line 1: TypeError: can't access dead object
JavaScript error: https://www.redditstatic.com/shreddit/sentry-94f7e90f.js, line 1: TypeError: can't access dead object
JavaScript error: https://www.redditstatic.com/shreddit/sentry-94f7e90f.js, line 1: TypeError: can't access dead object
JavaScript error: https://www.redditstatic.com/shreddit/sentry-94f7e90f.js, line 1: TypeError: can't access dead object
Dynamically enable window occlusion 1
JavaScript error: https://www.redditstatic.com/shreddit/sentry-94f7e90f.js, line 1: TypeError: can't access dead object
JavaScript error: https://www.redditstatic.com/shreddit/sentry-94f7e90f.js, line 1: TypeError: can't access dead object
JavaScript error: https://www.redditstatic.com/shreddit/sentry-94f7e90f.js, line 1: TypeError: can't access dead object
JavaScript error: https://www.redditstatic.com/shreddit/sentry-94f7e90f.js, line 1: TypeError: can't access dead object
JavaScript error: https://www.redditstatic.com/shreddit/sentry-94f7e90f.js, line 1: TypeError: can't access dead object
JavaScript error: https://www.redditstatic.com/shreddit/sentry-94f7e90f.js, line 1: TypeError: can't access dead object
JavaScript error: https://www.redditstatic.com/shreddit/sentry-94f7e90f.js, line 1: TypeError: can't access dead object
JavaScript error: https://www.redditstatic.com/shreddit/sentry-94f7e90f.js, line 1: TypeError: can't access dead object
JavaScript error: https://www.redditstatic.com/shreddit/sentry-94f7e90f.js, line 1: TypeError: can't access dead object
JavaScript error: https://www.redditstatic.com/shreddit/sentry-94f7e90f.js, line 1: TypeError: can't access dead object
JavaScript error: https://www.redditstatic.com/shreddit/sentry-94f7e90f.js, line 1: TypeError: can't access dead object
JavaScript error: https://www.redditstatic.com/shreddit/sentry-94f7e90f.js, line 1: TypeError: can't access dead object
JavaScript error: https://www.redditstatic.com/shreddit/sentry-94f7e90f.js, line 1: TypeError: can't access dead object
JavaScript error: https://www.redditstatic.com/shreddit/sentry-94f7e90f.js, line 1: TypeError: can't access dead object
JavaScript error: https://www.redditstatic.com/shreddit/sentry-94f7e90f.js, line 1: TypeError: can't access dead object
JavaScript error: https://www.redditstatic.com/shreddit/sentry-94f7e90f.js, line 1: TypeError: can't access dead object
JavaScript error: https://www.redditstatic.com/shreddit/sentry-94f7e90f.js, line 1: TypeError: can't access dead object
JavaScript error: https://www.redditstatic.com/shreddit/sentry-94f7e90f.js, line 1: TypeError: can't access dead object
JavaScript error: https://www.redditstatic.com/shreddit/sentry-94f7e90f.js, line 1: TypeError: can't access dead object
JavaScript error: https://www.redditstatic.com/shreddit/sentry-94f7e90f.js, line 1: TypeError: can't access dead object
JavaScript error: https://www.redditstatic.com/shreddit/sentry-94f7e90f.js, line 1: TypeError: can't access dead object
JavaScript error: https://www.redditstatic.com/shreddit/sentry-94f7e90f.js, line 1: TypeError: can't access dead object
JavaScript error: https://www.redditstatic.com/shreddit/sentry-94f7e90f.js, line 1: TypeError: can't access dead object
JavaScript error: https://www.redditstatic.com/shreddit/sentry-94f7e90f.js, line 1: TypeError: can't access dead object
JavaScript error: https://www.redditstatic.com/shreddit/sentry-94f7e90f.js, line 1: TypeError: can't access dead object
JavaScript error: https://www.redditstatic.com/shreddit/sentry-94f7e90f.js, line 1: TypeError: can't access dead object
JavaScript error: https://www.redditstatic.com/shreddit/sentry-94f7e90f.js, line 1: TypeError: can't access dead object
JavaScript error: https://www.redditstatic.com/shreddit/sentry-94f7e90f.js, line 1: TypeError: can't access dead object
JavaScript error: https://www.redditstatic.com/shreddit/sentry-94f7e90f.js, line 1: TypeError: can't access dead object
JavaScript error: https://www.redditstatic.com/shreddit/sentry-94f7e90f.js, line 1: TypeError: can't access dead object
JavaScript error: https://www.redditstatic.com/shreddit/sentry-94f7e90f.js, line 1: TypeError: can't access dead object
JavaScript error: https://www.redditstatic.com/shreddit/sentry-94f7e90f.js, line 1: TypeError: can't access dead object
JavaScript error: https://www.redditstatic.com/shreddit/sentry-94f7e90f.js, line 1: TypeError: can't access dead object
JavaScript error: https://www.redditstatic.com/shreddit/sentry-94f7e90f.js, line 1: TypeError: can't access dead object
JavaScript error: https://www.redditstatic.com/shreddit/sentry-94f7e90f.js, line 1: TypeError: can't access dead object
JavaScript error: https://www.redditstatic.com/shreddit/sentry-94f7e90f.js, line 1: TypeError: can't access dead object
JavaScript error: https://www.redditstatic.com/shreddit/sentry-94f7e90f.js, line 1: TypeError: can't access dead object
JavaScript error: https://www.redditstatic.com/shreddit/sentry-94f7e90f.js, line 1: TypeError: can't access dead object
JavaScript error: https://www.redditstatic.com/shreddit/sentry-94f7e90f.js, line 1: TypeError: can't access dead object
JavaScript error: https://www.redditstatic.com/shreddit/sentry-94f7e90f.js, line 1: TypeError: can't access dead object
JavaScript error: https://www.redditstatic.com/shreddit/sentry-94f7e90f.js, line 1: TypeError: can't access dead object
JavaScript error: https://www.redditstatic.com/shreddit/sentry-94f7e90f.js, line 1: TypeError: can't access dead object
JavaScript error: https://www.redditstatic.com/shreddit/sentry-94f7e90f.js, line 1: TypeError: can't access dead object
JavaScript error: https://www.redditstatic.com/shreddit/sentry-94f7e90f.js, line 1: TypeError: can't access dead object
JavaScript error: https://www.redditstatic.com/shreddit/sentry-94f7e90f.js, line 1: TypeError: can't access dead object
JavaScript error: https://www.redditstatic.com/shreddit/sentry-94f7e90f.js, line 1: TypeError: can't access dead object
JavaScript error: https://www.redditstatic.com/shreddit/sentry-94f7e90f.js, line 1: TypeError: can't access dead object
JavaScript error: https://www.redditstatic.com/shreddit/sentry-94f7e90f.js, line 1: TypeError: can't access dead object
JavaScript error: https://www.redditstatic.com/shreddit/sentry-94f7e90f.js, line 1: TypeError: can't access dead object
JavaScript error: https://www.redditstatic.com/shreddit/sentry-94f7e90f.js, line 1: TypeError: can't access dead object
JavaScript error: https://www.redditstatic.com/shreddit/sentry-94f7e90f.js, line 1: TypeError: can't access dead object
JavaScript error: https://www.redditstatic.com/shreddit/sentry-94f7e90f.js, line 1: TypeError: can't access dead object
JavaScript error: https://www.redditstatic.com/shreddit/sentry-94f7e90f.js, line 1: TypeError: can't access dead object
JavaScript error: https://www.redditstatic.com/shreddit/sentry-94f7e90f.js, line 1: TypeError: can't access dead object
JavaScript error: https://www.redditstatic.com/shreddit/sentry-94f7e90f.js, line 1: TypeError: can't access dead object
JavaScript error: https://www.redditstatic.com/shreddit/sentry-94f7e90f.js, line 1: TypeError: can't access dead object
JavaScript error: https://www.redditstatic.com/shreddit/sentry-94f7e90f.js, line 1: TypeError: can't access dead object
JavaScript error: https://www.redditstatic.com/shreddit/sentry-94f7e90f.js, line 1: TypeError: can't access dead object
JavaScript error: https://www.redditstatic.com/shreddit/sentry-94f7e90f.js, line 1: TypeError: can't access dead object
JavaScript error: https://www.redditstatic.com/shreddit/sentry-94f7e90f.js, line 1: TypeError: can't access dead object
JavaScript error: https://www.redditstatic.com/shreddit/sentry-94f7e90f.js, line 1: TypeError: can't access dead object
JavaScript error: https://www.redditstatic.com/shreddit/sentry-94f7e90f.js, line 1: TypeError: can't access dead object
JavaScript error: https://www.redditstatic.com/shreddit/sentry-94f7e90f.js, line 1: TypeError: can't access dead object
JavaScript error: https://www.redditstatic.com/shreddit/sentry-94f7e90f.js, line 1: TypeError: can't access dead object
JavaScript error: https://www.redditstatic.com/shreddit/sentry-94f7e90f.js, line 1: TypeError: can't access dead object
JavaScript error: https://www.redditstatic.com/shreddit/sentry-94f7e90f.js, line 1: TypeError: can't access dead object
JavaScript error: https://www.redditstatic.com/shreddit/sentry-94f7e90f.js, line 1: TypeError: can't access dead object
JavaScript error: https://www.redditstatic.com/shreddit/sentry-94f7e90f.js, line 1: TypeError: can't access dead object
JavaScript error: https://www.redditstatic.com/shreddit/sentry-94f7e90f.js, line 1: TypeError: can't access dead object
JavaScript error: https://www.redditstatic.com/shreddit/sentry-94f7e90f.js, line 1: TypeError: can't access dead object
JavaScript error: https://www.redditstatic.com/shreddit/sentry-94f7e90f.js, line 1: TypeError: can't access dead object
JavaScript error: https://www.redditstatic.com/shreddit/sentry-94f7e90f.js, line 1: TypeError: can't access dead object
JavaScript error: https://www.redditstatic.com/shreddit/sentry-94f7e90f.js, line 1: TypeError: can't access dead object
JavaScript error: https://www.redditstatic.com/shreddit/sentry-94f7e90f.js, line 1: TypeError: can't access dead object
JavaScript error: https://www.redditstatic.com/shreddit/sentry-94f7e90f.js, line 1: TypeError: can't access dead object
JavaScript error: https://www.redditstatic.com/shreddit/sentry-94f7e90f.js, line 1: TypeError: can't access dead object
JavaScript error: https://www.redditstatic.com/shreddit/sentry-94f7e90f.js, line 1: TypeError: can't access dead object
JavaScript error: https://www.redditstatic.com/shreddit/sentry-94f7e90f.js, line 1: TypeError: can't access dead object
JavaScript error: https://www.redditstatic.com/shreddit/sentry-94f7e90f.js, line 1: TypeError: can't access dead object
JavaScript error: https://www.redditstatic.com/shreddit/sentry-94f7e90f.js, line 1: TypeError: can't access dead object
JavaScript error: https://www.redditstatic.com/shreddit/sentry-94f7e90f.js, line 1: TypeError: can't access dead object
JavaScript error: https://www.redditstatic.com/shreddit/sentry-94f7e90f.js, line 1: TypeError: can't access dead object
JavaScript error: https://www.redditstatic.com/shreddit/sentry-94f7e90f.js, line 1: TypeError: can't access dead object
JavaScript error: https://www.redditstatic.com/shreddit/sentry-94f7e90f.js, line 1: TypeError: can't access dead object
JavaScript error: https://www.redditstatic.com/shreddit/sentry-94f7e90f.js, line 1: TypeError: can't access dead object
JavaScript error: https://www.redditstatic.com/shreddit/sentry-94f7e90f.js, line 1: TypeError: can't access dead object
JavaScript error: https://www.redditstatic.com/shreddit/sentry-94f7e90f.js, line 1: TypeError: can't access dead object
JavaScript error: https://www.redditstatic.com/shreddit/sentry-94f7e90f.js, line 1: TypeError: can't access dead object
JavaScript error: https://www.redditstatic.com/shreddit/sentry-94f7e90f.js, line 1: TypeError: can't access dead object
JavaScript error: https://www.redditstatic.com/shreddit/sentry-94f7e90f.js, line 1: TypeError: can't access dead object
JavaScript error: https://www.redditstatic.com/shreddit/sentry-94f7e90f.js, line 1: TypeError: can't access dead object
JavaScript error: https://www.redditstatic.com/shreddit/sentry-94f7e90f.js, line 1: TypeError: can't access dead object
JavaScript error: https://www.redditstatic.com/shreddit/sentry-94f7e90f.js, line 1: TypeError: can't access dead object
JavaScript error: https://www.redditstatic.com/shreddit/sentry-94f7e90f.js, line 1: TypeError: can't access dead object
JavaScript error: https://www.redditstatic.com/shreddit/sentry-94f7e90f.js, line 1: TypeError: can't access dead object
JavaScript error: https://www.redditstatic.com/shreddit/sentry-94f7e90f.js, line 1: TypeError: can't access dead object
JavaScript error: https://www.redditstatic.com/shreddit/sentry-94f7e90f.js, line 1: TypeError: can't access dead object
JavaScript error: https://www.redditstatic.com/shreddit/sentry-94f7e90f.js, line 1: TypeError: can't access dead object
JavaScript error: https://www.redditstatic.com/shreddit/sentry-94f7e90f.js, line 1: TypeError: can't access dead object
JavaScript error: https://www.redditstatic.com/shreddit/sentry-94f7e90f.js, line 1: TypeError: can't access dead object
JavaScript error: https://www.redditstatic.com/shreddit/sentry-94f7e90f.js, line 1: TypeError: can't access dead object
JavaScript error: https://www.redditstatic.com/shreddit/sentry-94f7e90f.js, line 1: TypeError: can't access dead object
JavaScript error: https://www.redditstatic.com/shreddit/sentry-94f7e90f.js, line 1: TypeError: can't access dead object
JavaScript error: https://www.redditstatic.com/shreddit/sentry-94f7e90f.js, line 1: TypeError: can't access dead object
JavaScript error: https://www.redditstatic.com/shreddit/sentry-94f7e90f.js, line 1: TypeError: can't access dead object
JavaScript error: https://www.redditstatic.com/shreddit/sentry-94f7e90f.js, line 1: TypeError: can't access dead object
JavaScript error: https://www.redditstatic.com/shreddit/sentry-94f7e90f.js, line 1: TypeError: can't access dead object
JavaScript error: https://www.redditstatic.com/shreddit/sentry-94f7e90f.js, line 1: TypeError: can't access dead object
JavaScript error: https://www.redditstatic.com/shreddit/sentry-94f7e90f.js, line 1: TypeError: can't access dead object
JavaScript error: https://www.redditstatic.com/shreddit/sentry-94f7e90f.js, line 1: TypeError: can't access dead object
JavaScript error: https://www.redditstatic.com/shreddit/sentry-94f7e90f.js, line 1: TypeError: can't access dead object
JavaScript error: https://www.redditstatic.com/shreddit/sentry-94f7e90f.js, line 1: TypeError: can't access dead object
JavaScript error: https://www.redditstatic.com/shreddit/sentry-94f7e90f.js, line 1: TypeError: can't access dead object
JavaScript error: https://www.redditstatic.com/shreddit/sentry-94f7e90f.js, line 1: TypeError: can't access dead object
JavaScript error: https://www.redditstatic.com/shreddit/sentry-94f7e90f.js, line 1: TypeError: can't access dead object
JavaScript error: https://www.redditstatic.com/shreddit/sentry-94f7e90f.js, line 1: TypeError: can't access dead object
JavaScript error: https://www.redditstatic.com/shreddit/sentry-94f7e90f.js, line 1: TypeError: can't access dead object
JavaScript error: https://www.redditstatic.com/shreddit/sentry-94f7e90f.js, line 1: TypeError: can't access dead object
JavaScript error: https://www.redditstatic.com/shreddit/sentry-94f7e90f.js, line 1: TypeError: can't access dead object
JavaScript error: https://www.redditstatic.com/shreddit/sentry-94f7e90f.js, line 1: TypeError: can't access dead object
JavaScript error: https://www.redditstatic.com/shreddit/sentry-94f7e90f.js, line 1: TypeError: can't access dead object
JavaScript error: https://www.redditstatic.com/shreddit/sentry-94f7e90f.js, line 1: TypeError: can't access dead object
JavaScript error: https://www.redditstatic.com/shreddit/sentry-94f7e90f.js, line 1: TypeError: can't access dead object
JavaScript error: https://www.redditstatic.com/shreddit/sentry-94f7e90f.js, line 1: TypeError: can't access dead object
JavaScript error: https://www.redditstatic.com/shreddit/sentry-94f7e90f.js, line 1: TypeError: can't access dead object
JavaScript error: https://www.redditstatic.com/shreddit/sentry-94f7e90f.js, line 1: TypeError: can't access dead object
JavaScript error: https://www.redditstatic.com/shreddit/sentry-94f7e90f.js, line 1: TypeError: can't access dead object
JavaScript error: https://www.redditstatic.com/shreddit/sentry-94f7e90f.js, line 1: TypeError: can't access dead object
JavaScript error: https://www.redditstatic.com/shreddit/sentry-94f7e90f.js, line 1: TypeError: can't access dead object
JavaScript error: https://www.redditstatic.com/shreddit/sentry-94f7e90f.js, line 1: TypeError: can't access dead object
JavaScript error: https://www.redditstatic.com/shreddit/sentry-94f7e90f.js, line 1: TypeError: can't access dead object
JavaScript error: https://www.redditstatic.com/shreddit/sentry-94f7e90f.js, line 1: TypeError: can't access dead object
JavaScript error: https://www.redditstatic.com/shreddit/sentry-94f7e90f.js, line 1: TypeError: can't access dead object
JavaScript error: https://www.redditstatic.com/shreddit/sentry-94f7e90f.js, line 1: TypeError: can't access dead object
JavaScript error: https://www.redditstatic.com/shreddit/sentry-94f7e90f.js, line 1: TypeError: can't access dead object
JavaScript error: https://www.redditstatic.com/shreddit/sentry-94f7e90f.js, line 1: TypeError: can't access dead object
JavaScript error: https://www.redditstatic.com/shreddit/sentry-94f7e90f.js, line 1: TypeError: can't access dead object
JavaScript error: https://www.redditstatic.com/shreddit/sentry-94f7e90f.js, line 1: TypeError: can't access dead object
JavaScript error: https://www.redditstatic.com/shreddit/sentry-94f7e90f.js, line 1: TypeError: can't access dead object
JavaScript error: https://www.redditstatic.com/shreddit/sentry-94f7e90f.js, line 1: TypeError: can't access dead object
JavaScript error: https://www.redditstatic.com/shreddit/sentry-94f7e90f.js, line 1: TypeError: can't access dead object
JavaScript error: https://www.redditstatic.com/shreddit/sentry-94f7e90f.js, line 1: TypeError: can't access dead object
JavaScript error: https://www.redditstatic.com/shreddit/sentry-94f7e90f.js, line 1: TypeError: can't access dead object
JavaScript error: https://www.redditstatic.com/shreddit/sentry-94f7e90f.js, line 1: TypeError: can't access dead object
JavaScript error: https://www.redditstatic.com/shreddit/sentry-94f7e90f.js, line 1: TypeError: can't access dead object
JavaScript error: https://www.redditstatic.com/shreddit/sentry-94f7e90f.js, line 1: TypeError: can't access dead object
JavaScript error: https://www.redditstatic.com/shreddit/sentry-94f7e90f.js, line 1: TypeError: can't access dead object
JavaScript error: https://www.redditstatic.com/shreddit/sentry-94f7e90f.js, line 1: TypeError: can't access dead object
JavaScript error: https://www.redditstatic.com/shreddit/sentry-94f7e90f.js, line 1: TypeError: can't access dead object
JavaScript error: https://www.redditstatic.com/shreddit/sentry-94f7e90f.js, line 1: TypeError: can't access dead object
JavaScript error: https://www.redditstatic.com/shreddit/sentry-94f7e90f.js, line 1: TypeError: can't access dead object
JavaScript error: https://www.redditstatic.com/shreddit/sentry-94f7e90f.js, line 1: TypeError: can't access dead object
JavaScript error: https://www.redditstatic.com/shreddit/sentry-94f7e90f.js, line 1: TypeError: can't access dead object
JavaScript error: https://www.redditstatic.com/shreddit/sentry-94f7e90f.js, line 1: TypeError: can't access dead object
JavaScript error: https://www.redditstatic.com/shreddit/sentry-94f7e90f.js, line 1: TypeError: can't access dead object
JavaScript error: https://www.redditstatic.com/shreddit/sentry-94f7e90f.js, line 1: TypeError: can't access dead object
JavaScript error: https://www.redditstatic.com/shreddit/sentry-94f7e90f.js, line 1: TypeError: can't access dead object
JavaScript error: https://www.redditstatic.com/shreddit/sentry-94f7e90f.js, line 1: TypeError: can't access dead object
JavaScript error: https://www.redditstatic.com/shreddit/sentry-94f7e90f.js, line 1: TypeError: can't access dead object
JavaScript error: https://www.redditstatic.com/shreddit/sentry-94f7e90f.js, line 1: TypeError: can't access dead object
JavaScript error: https://www.redditstatic.com/shreddit/sentry-94f7e90f.js, line 1: TypeError: can't access dead object
JavaScript error: https://www.redditstatic.com/shreddit/sentry-94f7e90f.js, line 1: TypeError: can't access dead object
JavaScript error: https://www.redditstatic.com/shreddit/sentry-94f7e90f.js, line 1: TypeError: can't access dead object
JavaScript error: https://www.redditstatic.com/shreddit/sentry-94f7e90f.js, line 1: TypeError: can't access dead object
JavaScript error: https://www.redditstatic.com/shreddit/sentry-94f7e90f.js, line 1: TypeError: can't access dead object
JavaScript error: https://www.redditstatic.com/shreddit/sentry-94f7e90f.js, line 1: TypeError: can't access dead object
JavaScript error: https://www.redditstatic.com/shreddit/sentry-94f7e90f.js, line 1: TypeError: can't access dead object
JavaScript error: https://www.redditstatic.com/shreddit/sentry-94f7e90f.js, line 1: TypeError: can't access dead object
JavaScript error: https://www.redditstatic.com/shreddit/sentry-94f7e90f.js, line 1: TypeError: can't access dead object
JavaScript error: https://www.redditstatic.com/shreddit/sentry-94f7e90f.js, line 1: TypeError: can't access dead object
JavaScript error: https://www.redditstatic.com/shreddit/sentry-94f7e90f.js, line 1: TypeError: can't access dead object
JavaScript error: https://www.redditstatic.com/shreddit/sentry-94f7e90f.js, line 1: TypeError: can't access dead object
JavaScript error: https://www.redditstatic.com/shreddit/sentry-94f7e90f.js, line 1: TypeError: can't access dead object
JavaScript error: https://www.redditstatic.com/shreddit/sentry-94f7e90f.js, line 1: TypeError: can't access dead object
JavaScript error: https://www.redditstatic.com/shreddit/sentry-94f7e90f.js, line 1: TypeError: can't access dead object
JavaScript error: https://www.redditstatic.com/shreddit/sentry-94f7e90f.js, line 1: TypeError: can't access dead object
JavaScript error: https://www.redditstatic.com/shreddit/sentry-94f7e90f.js, line 1: TypeError: can't access dead object
JavaScript error: https://www.redditstatic.com/shreddit/sentry-94f7e90f.js, line 1: TypeError: can't access dead object
JavaScript error: https://www.redditstatic.com/shreddit/sentry-94f7e90f.js, line 1: TypeError: can't access dead object
JavaScript error: https://www.redditstatic.com/shreddit/sentry-94f7e90f.js, line 1: TypeError: can't access dead object
JavaScript error: https://www.redditstatic.com/shreddit/sentry-94f7e90f.js, line 1: TypeError: can't access dead object
JavaScript error: https://www.redditstatic.com/shreddit/sentry-94f7e90f.js, line 1: TypeError: can't access dead object
JavaScript error: https://www.redditstatic.com/shreddit/sentry-94f7e90f.js, line 1: TypeError: can't access dead object
JavaScript error: https://www.redditstatic.com/shreddit/sentry-94f7e90f.js, line 1: TypeError: can't access dead object
JavaScript error: https://www.redditstatic.com/shreddit/sentry-94f7e90f.js, line 1: TypeError: can't access dead object
JavaScript error: https://www.redditstatic.com/shreddit/sentry-94f7e90f.js, line 1: TypeError: can't access dead object
JavaScript error: https://www.redditstatic.com/shreddit/sentry-94f7e90f.js, line 1: TypeError: can't access dead object
JavaScript error: https://www.redditstatic.com/shreddit/sentry-94f7e90f.js, line 1: TypeError: can't access dead object
JavaScript error: https://www.redditstatic.com/shreddit/sentry-94f7e90f.js, line 1: TypeError: can't access dead object
JavaScript error: https://www.redditstatic.com/shreddit/sentry-94f7e90f.js, line 1: TypeError: can't access dead object
JavaScript error: https://www.redditstatic.com/shreddit/sentry-94f7e90f.js, line 1: TypeError: can't access dead object
JavaScript error: https://www.redditstatic.com/shreddit/sentry-94f7e90f.js, line 1: TypeError: can't access dead object
JavaScript error: https://www.redditstatic.com/shreddit/sentry-94f7e90f.js, line 1: TypeError: can't access dead object
JavaScript error: https://www.redditstatic.com/shreddit/sentry-94f7e90f.js, line 1: TypeError: can't access dead object
JavaScript error: https://www.redditstatic.com/shreddit/sentry-94f7e90f.js, line 1: TypeError: can't access dead object
JavaScript error: https://www.redditstatic.com/shreddit/sentry-94f7e90f.js, line 1: TypeError: can't access dead object
JavaScript error: https://www.redditstatic.com/shreddit/sentry-94f7e90f.js, line 1: TypeError: can't access dead object
JavaScript error: https://www.redditstatic.com/shreddit/sentry-94f7e90f.js, line 1: TypeError: can't access dead object
JavaScript error: https://www.redditstatic.com/shreddit/sentry-94f7e90f.js, line 1: TypeError: can't access dead object
JavaScript error: https://www.redditstatic.com/shreddit/sentry-94f7e90f.js, line 1: TypeError: can't access dead object
JavaScript error: https://www.redditstatic.com/shreddit/sentry-94f7e90f.js, line 1: TypeError: can't access dead object
JavaScript error: https://www.redditstatic.com/shreddit/sentry-94f7e90f.js, line 1: TypeError: can't access dead object
JavaScript error: https://www.redditstatic.com/shreddit/sentry-94f7e90f.js, line 1: TypeError: can't access dead object
JavaScript error: https://www.redditstatic.com/shreddit/sentry-94f7e90f.js, line 1: TypeError: can't access dead object
JavaScript error: https://www.redditstatic.com/shreddit/sentry-94f7e90f.js, line 1: TypeError: can't access dead object
JavaScript error: https://www.redditstatic.com/shreddit/sentry-94f7e90f.js, line 1: TypeError: can't access dead object
JavaScript error: https://www.redditstatic.com/shreddit/sentry-94f7e90f.js, line 1: TypeError: can't access dead object
JavaScript error: https://www.redditstatic.com/shreddit/sentry-94f7e90f.js, line 1: TypeError: can't access dead object
JavaScript error: https://www.redditstatic.com/shreddit/sentry-94f7e90f.js, line 1: TypeError: can't access dead object
JavaScript error: https://www.redditstatic.com/shreddit/sentry-94f7e90f.js, line 1: TypeError: can't access dead object
JavaScript error: https://www.redditstatic.com/shreddit/sentry-94f7e90f.js, line 1: TypeError: can't access dead object
JavaScript error: https://www.redditstatic.com/shreddit/sentry-94f7e90f.js, line 1: TypeError: can't access dead object
JavaScript error: https://www.redditstatic.com/shreddit/sentry-94f7e90f.js, line 1: TypeError: can't access dead object
JavaScript error: https://www.redditstatic.com/shreddit/sentry-94f7e90f.js, line 1: TypeError: can't access dead object
JavaScript error: https://www.redditstatic.com/shreddit/sentry-94f7e90f.js, line 1: TypeError: can't access dead object
JavaScript error: https://www.redditstatic.com/shreddit/sentry-94f7e90f.js, line 1: TypeError: can't access dead object
JavaScript error: https://www.redditstatic.com/shreddit/sentry-94f7e90f.js, line 1: TypeError: can't access dead object
JavaScript error: https://www.redditstatic.com/shreddit/sentry-94f7e90f.js, line 1: TypeError: can't access dead object
JavaScript error: https://www.redditstatic.com/shreddit/sentry-94f7e90f.js, line 1: TypeError: can't access dead object
JavaScript error: https://www.redditstatic.com/shreddit/sentry-94f7e90f.js, line 1: TypeError: can't access dead object
JavaScript error: https://www.redditstatic.com/shreddit/sentry-94f7e90f.js, line 1: TypeError: can't access dead object
JavaScript error: https://www.redditstatic.com/shreddit/sentry-94f7e90f.js, line 1: TypeError: can't access dead object
JavaScript error: https://www.redditstatic.com/shreddit/sentry-94f7e90f.js, line 1: TypeError: can't access dead object
JavaScript error: https://www.redditstatic.com/shreddit/sentry-94f7e90f.js, line 1: TypeError: can't access dead object
JavaScript error: https://www.redditstatic.com/shreddit/sentry-94f7e90f.js, line 1: TypeError: can't access dead object
JavaScript error: https://www.redditstatic.com/shreddit/sentry-94f7e90f.js, line 1: TypeError: can't access dead object
JavaScript error: https://www.redditstatic.com/shreddit/sentry-94f7e90f.js, line 1: TypeError: can't access dead object
JavaScript error: https://www.redditstatic.com/shreddit/sentry-94f7e90f.js, line 1: TypeError: can't access dead object
JavaScript error: https://www.redditstatic.com/shreddit/sentry-94f7e90f.js, line 1: TypeError: can't access dead object
JavaScript error: https://www.redditstatic.com/shreddit/sentry-94f7e90f.js, line 1: TypeError: can't access dead object
JavaScript error: https://www.redditstatic.com/shreddit/sentry-94f7e90f.js, line 1: TypeError: can't access dead object
JavaScript error: https://www.redditstatic.com/shreddit/sentry-94f7e90f.js, line 1: TypeError: can't access dead object
JavaScript error: https://www.redditstatic.com/shreddit/sentry-94f7e90f.js, line 1: TypeError: can't access dead object
JavaScript error: https://www.redditstatic.com/shreddit/sentry-94f7e90f.js, line 1: TypeError: can't access dead object
JavaScript error: https://www.redditstatic.com/shreddit/sentry-94f7e90f.js, line 1: TypeError: can't access dead object
JavaScript error: https://www.redditstatic.com/shreddit/sentry-94f7e90f.js, line 1: TypeError: can't access dead object
JavaScript error: https://www.redditstatic.com/shreddit/sentry-94f7e90f.js, line 1: TypeError: can't access dead object
JavaScript error: https://www.redditstatic.com/shreddit/sentry-94f7e90f.js, line 1: TypeError: can't access dead object
JavaScript error: https://www.redditstatic.com/shreddit/sentry-94f7e90f.js, line 1: TypeError: can't access dead object
JavaScript error: https://www.redditstatic.com/shreddit/sentry-94f7e90f.js, line 1: TypeError: can't access dead object
JavaScript error: https://www.redditstatic.com/shreddit/sentry-94f7e90f.js, line 1: TypeError: can't access dead object
JavaScript error: https://www.redditstatic.com/shreddit/sentry-94f7e90f.js, line 1: TypeError: can't access dead object
JavaScript error: https://www.redditstatic.com/shreddit/sentry-94f7e90f.js, line 1: TypeError: can't access dead object
JavaScript error: https://www.redditstatic.com/shreddit/sentry-94f7e90f.js, line 1: TypeError: can't access dead object
JavaScript error: https://www.redditstatic.com/shreddit/sentry-94f7e90f.js, line 1: TypeError: can't access dead object
JavaScript error: https://www.redditstatic.com/shreddit/sentry-94f7e90f.js, line 1: TypeError: can't access dead object
JavaScript error: https://www.redditstatic.com/shreddit/sentry-94f7e90f.js, line 1: TypeError: can't access dead object
JavaScript error: https://www.redditstatic.com/shreddit/sentry-94f7e90f.js, line 1: TypeError: can't access dead object
JavaScript error: https://www.redditstatic.com/shreddit/sentry-94f7e90f.js, line 1: TypeError: can't access dead object
JavaScript error: https://www.redditstatic.com/shreddit/sentry-94f7e90f.js, line 1: TypeError: can't access dead object
JavaScript error: https://www.redditstatic.com/shreddit/sentry-94f7e90f.js, line 1: TypeError: can't access dead object
JavaScript error: https://www.redditstatic.com/shreddit/sentry-94f7e90f.js, line 1: TypeError: can't access dead object
JavaScript error: https://www.redditstatic.com/shreddit/sentry-94f7e90f.js, line 1: TypeError: can't access dead object
JavaScript error: https://www.redditstatic.com/shreddit/sentry-94f7e90f.js, line 1: TypeError: can't access dead object
JavaScript error: https://www.redditstatic.com/shreddit/sentry-94f7e90f.js, line 1: TypeError: can't access dead object
JavaScript error: https://www.redditstatic.com/shreddit/sentry-94f7e90f.js, line 1: TypeError: can't access dead object
JavaScript error: https://www.redditstatic.com/shreddit/sentry-94f7e90f.js, line 1: TypeError: can't access dead object
JavaScript error: https://www.redditstatic.com/shreddit/sentry-94f7e90f.js, line 1: TypeError: can't access dead object
JavaScript error: https://www.redditstatic.com/shreddit/sentry-94f7e90f.js, line 1: TypeError: can't access dead object
JavaScript error: https://www.redditstatic.com/shreddit/sentry-94f7e90f.js, line 1: TypeError: can't access dead object
JavaScript error: https://www.redditstatic.com/shreddit/sentry-94f7e90f.js, line 1: TypeError: can't access dead object
1704993026328	geckodriver	INFO	Listening on 127.0.0.1:52058
1704993029385	mozrunner::runner	INFO	Running command: "C:\\Program Files (x86)\\Mozilla Firefox\\firefox.exe" "--marionette" "-headless" "--remote-debugging-port" ... 9" "--remote-allow-hosts" "localhost" "-no-remote" "-profile" "C:\\Users\\omara\\AppData\\Local\\Temp\\rust_mozprofilevSh7Hy"
*** You are running in headless mode.
console.warn: services.settings: Ignoring preference override of remote settings server
console.warn: services.settings: Allow by setting MOZ_REMOTE_SETTINGS_DEVTOOLS=1 in the environment
1704993029771	Marionette	INFO	Marionette enabled
Dynamically enable window occlusion 0
1704993029844	Marionette	INFO	Listening on port 52066
WebDriver BiDi listening on ws://127.0.0.1:52059
Read port: 52066
1704993030060	RemoteAgent	WARN	TLS certificate errors will be ignored for this session
[GFX1-]: RenderCompositorSWGL failed mapping default framebuffer, no dt
console.error: ({})
DevTools listening on ws://127.0.0.1:52059/devtools/browser/91f89919-dda4-4e9a-8c8e-8c68afc3d30c
console.warn: LoginRecipes: "Falling back to a synchronous message for: https://www.reddit.com."
1704993037715	Marionette	INFO	Stopped listening on port 52066
JavaScript warning: https://www.gstatic.com/recaptcha/releases/Ya-Cd6PbRI5ktAHEhm9JuKEu/recaptcha__en.js, line 741: Script terminated by timeout at:
v<@https://www.gstatic.com/recaptcha/releases/Ya-Cd6PbRI5ktAHEhm9JuKEu/recaptcha__en.js:741:345
v<@https://www.gstatic.com/recaptcha/releases/Ya-Cd6PbRI5ktAHEhm9JuKEu/recaptcha__en.js:732:281
q<@https://www.gstatic.com/recaptcha/releases/Ya-Cd6PbRI5ktAHEhm9JuKEu/recaptcha__en.js:602:454
@https://www.gstatic.com/recaptcha/releases/Ya-Cd6PbRI5ktAHEhm9JuKEu/recaptcha__en.js:1179:322
q<@https://www.gstatic.com/recaptcha/releases/Ya-Cd6PbRI5ktAHEhm9JuKEu/recaptcha__en.js:671:64
@https://www.gstatic.com/recaptcha/releases/Ya-Cd6PbRI5ktAHEhm9JuKEu/recaptcha__en.js:1188:317
v<@https://www.gstatic.com/recaptcha/releases/Ya-Cd6PbRI5ktAHEhm9JuKEu/recaptcha__en.js:700:38
Q2@https://www.gstatic.com/recaptcha/releases/Ya-Cd6PbRI5ktAHEhm9JuKEu/recaptcha__en.js:835:133
q<@https://www.gstatic.com/recaptcha/releases/Ya-Cd6PbRI5ktAHEhm9JuKEu/recaptcha__en.js:668:450
M.BE@https://www.gstatic.com/recaptcha/releases/Ya-Cd6PbRI5ktAHEhm9JuKEu/recaptcha__en.js:1185:324

JavaScript warning: https://accounts.google.com/gsi/iframe/select?client_id=705819728788-b2c1kcs7tst3b7ghv7at0hkqmtc68ckl.apps.googleusercontent.com&auto_select=true&ux_mode=popup&ui_mode=card&as=NN4Abi24nkkmt2NhqAvTvw&is_itp=true&channel_id=58b9d25a33eabfac201fcecd64c0fe8492562dbd4735c529be1ef8785c185fa4&origin=https%3A%2F%2Fwww.reddit.com, line 4: Script terminated by timeout at:
_._F_toggles_initialize@/_/gsi/_/js/k=gsi.gsi.en_US.YJwCVsg01Gw.O/am=ABQq/d=1/rs=AF0KOtU1p8q_TttQGE9nKzywQzRrkc1vwA/m=credential_server_library:4:134
@/_/gsi/_/js/k=gsi.gsi.en_US.YJwCVsg01Gw.O/am=ABQq/d=1/rs=AF0KOtU1p8q_TttQGE9nKzywQzRrkc1vwA/m=credential_server_library:4:163
@/_/gsi/_/js/k=gsi.gsi.en_US.YJwCVsg01Gw.O/am=ABQq/d=1/rs=AF0KOtU1p8q_TttQGE9nKzywQzRrkc1vwA/m=credential_server_library:380:4

JavaScript error: https://accounts.google.com/gsi/iframe/select?client_id=705819728788-b2c1kcs7tst3b7ghv7at0hkqmtc68ckl.apps.googleusercontent.com&auto_select=true&ux_mode=popup&ui_mode=card&as=NN4Abi24nkkmt2NhqAvTvw&is_itp=true&channel_id=58b9d25a33eabfac201fcecd64c0fe8492562dbd4735c529be1ef8785c185fa4&origin=https%3A%2F%2Fwww.reddit.com, line 383: ReferenceError: gis is not defined
Dynamically enable window occlusion 1
JavaScript error: https://www.redditstatic.com/shreddit/sentry-94f7e90f.js, line 1: TypeError: can't access dead object
JavaScript error: https://www.redditstatic.com/shreddit/sentry-94f7e90f.js, line 1: TypeError: can't access dead object
1704993042815	geckodriver	INFO	Listening on 127.0.0.1:52133
1704993045867	mozrunner::runner	INFO	Running command: "C:\\Program Files (x86)\\Mozilla Firefox\\firefox.exe" "--marionette" "-headless" "--remote-debugging-port" ... 4" "--remote-allow-hosts" "localhost" "-no-remote" "-profile" "C:\\Users\\omara\\AppData\\Local\\Temp\\rust_mozprofileH8unAF"
*** You are running in headless mode.
console.warn: services.settings: Ignoring preference override of remote settings server
console.warn: services.settings: Allow by setting MOZ_REMOTE_SETTINGS_DEVTOOLS=1 in the environment
1704993046282	Marionette	INFO	Marionette enabled
Dynamically enable window occlusion 0
1704993046357	Marionette	INFO	Listening on port 52141
WebDriver BiDi listening on ws://127.0.0.1:52134
Read port: 52141
1704993046579	RemoteAgent	WARN	TLS certificate errors will be ignored for this session
[GFX1-]: RenderCompositorSWGL failed mapping default framebuffer, no dt
console.error: ({})
DevTools listening on ws://127.0.0.1:52134/devtools/browser/5e292e2a-524e-44d4-b673-a8afebd1a2b4
console.warn: LoginRecipes: "Falling back to a synchronous message for: https://www.reddit.com."
1704993054068	Marionette	INFO	Stopped listening on port 52141
JavaScript warning: https://www.gstatic.com/recaptcha/releases/Ya-Cd6PbRI5ktAHEhm9JuKEu/recaptcha__en.js, line 472: Script terminated by timeout at:
S<@https://www.gstatic.com/recaptcha/releases/Ya-Cd6PbRI5ktAHEhm9JuKEu/recaptcha__en.js:472:380
P</Z/P<@https://www.gstatic.com/recaptcha/releases/Ya-Cd6PbRI5ktAHEhm9JuKEu/recaptcha__en.js:541:20
v<@https://www.gstatic.com/recaptcha/releases/Ya-Cd6PbRI5ktAHEhm9JuKEu/recaptcha__en.js:728:232
q</this.next@https://www.gstatic.com/recaptcha/releases/Ya-Cd6PbRI5ktAHEhm9JuKEu/recaptcha__en.js:625:137
F@https://www.gstatic.com/recaptcha/releases/Ya-Cd6PbRI5ktAHEhm9JuKEu/recaptcha__en.js:205:443

JavaScript warning: https://www.redditstatic.com/shreddit/sentry-94f7e90f.js, line 1: Script terminated by timeout at:
r@https://www.redditstatic.com/shreddit/sentry-94f7e90f.js:1:55855

Dynamically enable window occlusion 1
JavaScript error: https://www.redditstatic.com/shreddit/sentry-94f7e90f.js, line 1: TypeError: can't access dead object
JavaScript error: https://www.redditstatic.com/shreddit/sentry-94f7e90f.js, line 1: TypeError: can't access dead object
1704993059142	geckodriver	INFO	Listening on 127.0.0.1:52207
1704993062185	mozrunner::runner	INFO	Running command: "C:\\Program Files (x86)\\Mozilla Firefox\\firefox.exe" "--marionette" "-headless" "--remote-debugging-port" ... 8" "--remote-allow-hosts" "localhost" "-no-remote" "-profile" "C:\\Users\\omara\\AppData\\Local\\Temp\\rust_mozprofileGidQZA"
*** You are running in headless mode.
console.warn: services.settings: Ignoring preference override of remote settings server
console.warn: services.settings: Allow by setting MOZ_REMOTE_SETTINGS_DEVTOOLS=1 in the environment
1704993062580	Marionette	INFO	Marionette enabled
Dynamically enable window occlusion 0
1704993062652	Marionette	INFO	Listening on port 52216
WebDriver BiDi listening on ws://127.0.0.1:52208
Read port: 52216
1704993062867	RemoteAgent	WARN	TLS certificate errors will be ignored for this session
[GFX1-]: RenderCompositorSWGL failed mapping default framebuffer, no dt
console.error: ({})
DevTools listening on ws://127.0.0.1:52208/devtools/browser/a2d04b78-16fa-48ab-a149-9f1354f6ff87
console.warn: LoginRecipes: "Falling back to a synchronous message for: https://www.reddit.com."
1704993070601	Marionette	INFO	Stopped listening on port 52216
JavaScript warning: https://www.gstatic.com/recaptcha/releases/Ya-Cd6PbRI5ktAHEhm9JuKEu/recaptcha__en.js, line 666: Script terminated by timeout at:
q<@https://www.gstatic.com/recaptcha/releases/Ya-Cd6PbRI5ktAHEhm9JuKEu/recaptcha__en.js:666:420
M.BE@https://www.gstatic.com/recaptcha/releases/Ya-Cd6PbRI5ktAHEhm9JuKEu/recaptcha__en.js:1185:324

JavaScript warning: https://accounts.google.com/gsi/iframe/select?client_id=705819728788-b2c1kcs7tst3b7ghv7at0hkqmtc68ckl.apps.googleusercontent.com&auto_select=true&ux_mode=popup&ui_mode=card&as=J627VI%2Fnl7%2BWqPUhO1Z0dQ&is_itp=true&channel_id=a965d5113b94de85ba915909cd385b46641954f566cb21364156dc08ec89e109&origin=https%3A%2F%2Fwww.reddit.com, line 185: Script terminated by timeout at:
_.ki/<@/_/gsi/_/js/k=gsi.gsi.en_US.YJwCVsg01Gw.O/am=ABQq/d=1/rs=AF0KOtU1p8q_TttQGE9nKzywQzRrkc1vwA/m=credential_server_library:185:1163
_.ki@/_/gsi/_/js/k=gsi.gsi.en_US.YJwCVsg01Gw.O/am=ABQq/d=1/rs=AF0KOtU1p8q_TttQGE9nKzywQzRrkc1vwA/m=credential_server_library:185:1060
_.li/<@/_/gsi/_/js/k=gsi.gsi.en_US.YJwCVsg01Gw.O/am=ABQq/d=1/rs=AF0KOtU1p8q_TttQGE9nKzywQzRrkc1vwA/m=credential_server_library:186:56

Dynamically enable window occlusion 1
JavaScript error: https://www.redditstatic.com/shreddit/sentry-94f7e90f.js, line 1: TypeError: can't access dead object
JavaScript error: https://www.redditstatic.com/shreddit/sentry-94f7e90f.js, line 1: TypeError: can't access dead object
1704993083118	geckodriver	INFO	Listening on 127.0.0.1:52288
1704993086175	mozrunner::runner	INFO	Running command: "C:\\Program Files (x86)\\Mozilla Firefox\\firefox.exe" "--marionette" "-headless" "--remote-debugging-port" ... 9" "--remote-allow-hosts" "localhost" "-no-remote" "-profile" "C:\\Users\\omara\\AppData\\Local\\Temp\\rust_mozprofileXtI3gW"
*** You are running in headless mode.
console.warn: services.settings: Ignoring preference override of remote settings server
console.warn: services.settings: Allow by setting MOZ_REMOTE_SETTINGS_DEVTOOLS=1 in the environment
1704993086592	Marionette	INFO	Marionette enabled
Dynamically enable window occlusion 0
1704993086672	Marionette	INFO	Listening on port 52296
WebDriver BiDi listening on ws://127.0.0.1:52289
Read port: 52296
1704993086860	RemoteAgent	WARN	TLS certificate errors will be ignored for this session
[GFX1-]: RenderCompositorSWGL failed mapping default framebuffer, no dt
console.error: ({})
DevTools listening on ws://127.0.0.1:52289/devtools/browser/a33d61cb-278c-4117-9079-efe2720ff727
console.warn: LoginRecipes: "Falling back to a synchronous message for: https://www.reddit.com."
console.warn: LoginRecipes: "Falling back to a synchronous message for: https://www.reddit.com."
JavaScript warning: https://platform.twitter.com/embed/embed.9203.97b040640e3b329435c9.js, line 2: Script terminated by timeout at:
38698/<@https://platform.twitter.com/embed/embed.9203.97b040640e3b329435c9.js:2:225038
38698@https://platform.twitter.com/embed/embed.9203.97b040640e3b329435c9.js:2:224991
b@https://platform.twitter.com/embed/embed.runtime.30e39e232aef74d6b314.js:1:136
97762@https://platform.twitter.com/embed/embed.9203.97b040640e3b329435c9.js:2:239523
b@https://platform.twitter.com/embed/embed.runtime.30e39e232aef74d6b314.js:1:136
64122@https://platform.twitter.com/embed/embed.9203.97b040640e3b329435c9.js:2:157801
b@https://platform.twitter.com/embed/embed.runtime.30e39e232aef74d6b314.js:1:136
57555@https://platform.twitter.com/embed/embed.ondemand.Tweet.af3480c242f6c21a47e5.js:1:10142
b@https://platform.twitter.com/embed/embed.runtime.30e39e232aef74d6b314.js:1:136

console.warn: LoginRecipes: "Falling back to a synchronous message for: https://www.reddit.com."
console.warn: LoginRecipes: "Falling back to a synchronous message for: https://www.reddit.com."
console.warn: LoginRecipes: "Falling back to a synchronous message for: https://www.reddit.com."
1704993095741	Marionette	WARN	Ignoring event 'pageshow' because document has an invalid readyState of 'uninitialized'.
console.warn: LoginRecipes: "Falling back to a synchronous message for: https://www.reddit.com."
console.warn: LoginRecipes: "Falling back to a synchronous message for: https://www.reddit.com."
console.warn: LoginRecipes: "Falling back to a synchronous message for: https://www.reddit.com."
console.warn: LoginRecipes: "Falling back to a synchronous message for: https://www.reddit.com."
console.warn: LoginRecipes: "Falling back to a synchronous message for: https://www.reddit.com."
console.warn: LoginRecipes: "Falling back to a synchronous message for: https://www.reddit.com."
console.warn: LoginRecipes: "Falling back to a synchronous message for: https://www.reddit.com."
console.warn: LoginRecipes: "Falling back to a synchronous message for: https://www.reddit.com."
JavaScript error: resource://gre/modules/XULStore.sys.mjs, line 60: Error: Can't find profile directory.
console.warn: LoginRecipes: "Falling back to a synchronous message for: https://www.reddit.com."
console.warn: LoginRecipes: "Falling back to a synchronous message for: https://www.reddit.com."
console.warn: LoginRecipes: "Falling back to a synchronous message for: https://www.reddit.com."
JavaScript warning: https://www.redditstatic.com/shreddit/en-US/media-telemetry-observer-9ff3df6d.js, line 1: This error message will be blank when privacy.resistFingerprinting = true.  If it is really necessary, please add it to the whitelist in MediaError::GetMessage: 
console.warn: LoginRecipes: "Falling back to a synchronous message for: https://www.reddit.com."
console.warn: LoginRecipes: "Falling back to a synchronous message for: https://www.reddit.com."
console.warn: LoginRecipes: "Falling back to a synchronous message for: https://www.reddit.com."
console.warn: LoginRecipes: "Falling back to a synchronous message for: https://www.reddit.com."
1704993115135	Marionette	INFO	Stopped listening on port 52296
JavaScript warning: https://www.gstatic.com/recaptcha/releases/Ya-Cd6PbRI5ktAHEhm9JuKEu/recaptcha__en.js, line 320: Script terminated by timeout at:
t<@https://www.gstatic.com/recaptcha/releases/Ya-Cd6PbRI5ktAHEhm9JuKEu/recaptcha__en.js:320:318
P</Z/P</T<@https://www.gstatic.com/recaptcha/releases/Ya-Cd6PbRI5ktAHEhm9JuKEu/recaptcha__en.js:540:427
E<@https://www.gstatic.com/recaptcha/releases/Ya-Cd6PbRI5ktAHEhm9JuKEu/recaptcha__en.js:418:70
q</f.Y/q<@https://www.gstatic.com/recaptcha/releases/Ya-Cd6PbRI5ktAHEhm9JuKEu/recaptcha__en.js:656:492
v<@https://www.gstatic.com/recaptcha/releases/Ya-Cd6PbRI5ktAHEhm9JuKEu/recaptcha__en.js:728:232
q</this.next@https://www.gstatic.com/recaptcha/releases/Ya-Cd6PbRI5ktAHEhm9JuKEu/recaptcha__en.js:625:137
K</V<@https://www.gstatic.com/recaptcha/releases/Ya-Cd6PbRI5ktAHEhm9JuKEu/recaptcha__en.js:206:85
K<@https://www.gstatic.com/recaptcha/releases/Ya-Cd6PbRI5ktAHEhm9JuKEu/recaptcha__en.js:205:490
K<@https://www.gstatic.com/recaptcha/releases/Ya-Cd6PbRI5ktAHEhm9JuKEu/recaptcha__en.js:265:354
q</f.Y@https://www.gstatic.com/recaptcha/releases/Ya-Cd6PbRI5ktAHEhm9JuKEu/recaptcha__en.js:656:341
P</Z/P<@https://www.gstatic.com/recaptcha/releases/Ya-Cd6PbRI5ktAHEhm9JuKEu/recaptcha__en.js:540:452
v<@https://www.gstatic.com/recaptcha/releases/Ya-Cd6PbRI5ktAHEhm9JuKEu/recaptcha__en.js:728:232
q</this.next@https://www.gstatic.com/recaptcha/releases/Ya-Cd6PbRI5ktAHEhm9JuKEu/recaptcha__en.js:625:137
K</V<@https://www.gstatic.com/recaptcha/releases/Ya-Cd6PbRI5ktAHEhm9JuKEu/recaptcha__en.js:206:85
K<@https://www.gstatic.com/recaptcha/releases/Ya-Cd6PbRI5ktAHEhm9JuKEu/recaptcha__en.js:205:490
K<@https://www.gstatic.com/recaptcha/releases/Ya-Cd6PbRI5ktAHEhm9JuKEu/recaptcha__en.js:265:354
Z@https://www.gstatic.com/recaptcha/releases/Ya-Cd6PbRI5ktAHEhm9JuKEu/recaptcha__en.js:540:115
P</A</c<@https://www.gstatic.com/recaptcha/releases/Ya-Cd6PbRI5ktAHEhm9JuKEu/recaptcha__en.js:593:169

Dynamically enable window occlusion 1
JavaScript error: https://www.reddit.com/r/ufc/comments/193znqb/key_takeaways_from_benoit_saintdenis_first/, line 52: TypeError: can't access dead object
JavaScript error: https://www.redditstatic.com/shreddit/en-US/shell-7d165546.js, line 4: TypeError: can't access dead object
1704993118784	geckodriver	INFO	Listening on 127.0.0.1:52403
1704993121827	mozrunner::runner	INFO	Running command: "C:\\Program Files (x86)\\Mozilla Firefox\\firefox.exe" "--marionette" "-headless" "--remote-debugging-port" ... 4" "--remote-allow-hosts" "localhost" "-no-remote" "-profile" "C:\\Users\\omara\\AppData\\Local\\Temp\\rust_mozprofilesWMXfR"
*** You are running in headless mode.
console.warn: services.settings: Ignoring preference override of remote settings server
console.warn: services.settings: Allow by setting MOZ_REMOTE_SETTINGS_DEVTOOLS=1 in the environment
1704993122244	Marionette	INFO	Marionette enabled
Dynamically enable window occlusion 0
1704993122321	Marionette	INFO	Listening on port 52412
WebDriver BiDi listening on ws://127.0.0.1:52404
Read port: 52412
1704993122526	RemoteAgent	WARN	TLS certificate errors will be ignored for this session
[GFX1-]: RenderCompositorSWGL failed mapping default framebuffer, no dt
console.error: ({})
DevTools listening on ws://127.0.0.1:52404/devtools/browser/035b9c75-cfb5-4998-bf96-3adc31b63c30
console.warn: LoginRecipes: "Falling back to a synchronous message for: https://www.reddit.com."
console.warn: LoginRecipes: "Falling back to a synchronous message for: https://www.reddit.com."
console.warn: LoginRecipes: "Falling back to a synchronous message for: https://www.reddit.com."
console.warn: LoginRecipes: "Falling back to a synchronous message for: https://www.reddit.com."
console.warn: LoginRecipes: "Falling back to a synchronous message for: https://www.reddit.com."
JavaScript error: resource://gre/modules/XULStore.sys.mjs, line 60: Error: Can't find profile directory.
console.warn: LoginRecipes: "Falling back to a synchronous message for: https://www.reddit.com."
console.warn: LoginRecipes: "Falling back to a synchronous message for: https://www.reddit.com."
console.warn: LoginRecipes: "Falling back to a synchronous message for: https://www.reddit.com."
console.warn: LoginRecipes: "Falling back to a synchronous message for: https://www.reddit.com."
JavaScript error: resource://gre/actors/PictureInPictureChild.sys.mjs, line 348: TypeError: can't access dead object
console.warn: LoginRecipes: "Falling back to a synchronous message for: https://www.reddit.com."
console.warn: LoginRecipes: "Falling back to a synchronous message for: https://www.reddit.com."
console.warn: LoginRecipes: "Falling back to a synchronous message for: https://www.reddit.com."
console.warn: LoginRecipes: "Falling back to a synchronous message for: https://www.reddit.com."
console.warn: LoginRecipes: "Falling back to a synchronous message for: https://www.reddit.com."
console.warn: LoginRecipes: "Falling back to a synchronous message for: https://www.reddit.com."
console.warn: LoginRecipes: "Falling back to a synchronous message for: https://www.reddit.com."
1704993152314	addons.xpi	ERROR	System addon update list error SyntaxError: XMLHttpRequest.open: 'http://%(server)s/dummy-system-addons.xml' is not a valid URL.
console.warn: LoginRecipes: "Falling back to a synchronous message for: https://www.reddit.com."
console.warn: LoginRecipes: "Falling back to a synchronous message for: https://www.reddit.com."
console.warn: LoginRecipes: "Falling back to a synchronous message for: https://www.reddit.com."
console.warn: LoginRecipes: "Falling back to a synchronous message for: https://www.reddit.com."
1704993158851	Marionette	INFO	Stopped listening on port 52412
JavaScript warning: https://www.gstatic.com/recaptcha/releases/Ya-Cd6PbRI5ktAHEhm9JuKEu/recaptcha__en.js, line 201: Script terminated by timeout at:
IW<@https://www.gstatic.com/recaptcha/releases/Ya-Cd6PbRI5ktAHEhm9JuKEu/recaptcha__en.js:201:182
wz@https://www.gstatic.com/recaptcha/releases/Ya-Cd6PbRI5ktAHEhm9JuKEu/recaptcha__en.js:759:294
v<@https://www.gstatic.com/recaptcha/releases/Ya-Cd6PbRI5ktAHEhm9JuKEu/recaptcha__en.js:742:219
PQ@https://www.gstatic.com/recaptcha/releases/Ya-Cd6PbRI5ktAHEhm9JuKEu/recaptcha__en.js:815:459
Ax@https://www.gstatic.com/recaptcha/releases/Ya-Cd6PbRI5ktAHEhm9JuKEu/recaptcha__en.js:865:159
d@https://www.gstatic.com/recaptcha/releases/Ya-Cd6PbRI5ktAHEhm9JuKEu/recaptcha__en.js:412:156
g@https://www.gstatic.com/recaptcha/releases/Ya-Cd6PbRI5ktAHEhm9JuKEu/recaptcha__en.js:503:49

Dynamically enable window occlusion 1
JavaScript error: https://www.reddit.com/r/ufc/comments/193tked/me_to_dana_after_tonights_announcement/, line 52: TypeError: can't access dead object
JavaScript error: https://www.redditstatic.com/shreddit/en-US/shell-7d165546.js, line 4: TypeError: can't access dead object
JavaScript error: , line 0: TypeError: error loading dynamically imported module: https://www.redditstatic.com/shreddit/sentry-94f7e90f.js
1704993162669	geckodriver	INFO	Listening on 127.0.0.1:52516
1704993165733	mozrunner::runner	INFO	Running command: "C:\\Program Files (x86)\\Mozilla Firefox\\firefox.exe" "--marionette" "-headless" "--remote-debugging-port" ... 7" "--remote-allow-hosts" "localhost" "-no-remote" "-profile" "C:\\Users\\omara\\AppData\\Local\\Temp\\rust_mozprofileUWDncG"
*** You are running in headless mode.
console.warn: services.settings: Ignoring preference override of remote settings server
console.warn: services.settings: Allow by setting MOZ_REMOTE_SETTINGS_DEVTOOLS=1 in the environment
1704993166146	Marionette	INFO	Marionette enabled
Dynamically enable window occlusion 0
1704993166232	Marionette	INFO	Listening on port 52524
Read port: 52524
WebDriver BiDi listening on ws://127.0.0.1:52517
1704993166309	RemoteAgent	WARN	TLS certificate errors will be ignored for this session
[GFX1-]: RenderCompositorSWGL failed mapping default framebuffer, no dt
console.error: ({})
DevTools listening on ws://127.0.0.1:52517/devtools/browser/05b903fc-e432-414b-9417-8bce6968305b
console.warn: LoginRecipes: "Falling back to a synchronous message for: https://www.reddit.com."
console.warn: LoginRecipes: "Falling back to a synchronous message for: https://www.reddit.com."
console.warn: LoginRecipes: "Falling back to a synchronous message for: https://www.reddit.com."
console.warn: LoginRecipes: "Falling back to a synchronous message for: https://www.reddit.com."
JavaScript error: , line 0: TypeError: error loading dynamically imported module: https://www.redditstatic.com/shreddit/sentry-94f7e90f.js
console.warn: LoginRecipes: "Falling back to a synchronous message for: https://www.reddit.com."
console.warn: LoginRecipes: "Falling back to a synchronous message for: https://www.reddit.com."
console.warn: LoginRecipes: "Falling back to a synchronous message for: https://www.reddit.com."
